{"E:\\Descargas\\Ultimo proyecto\\PROYECTOFINAL-CABA-A-main\\PROYECTOFINAL-CABA-A-main\\backend\\app.js": {"path":"E:\\Descargas\\Ultimo proyecto\\PROYECTOFINAL-CABA-A-main\\PROYECTOFINAL-CABA-A-main\\backend\\app.js","statementMap":{"0":{"start":{"line":1,"column":16},"end":{"line":1,"column":34}},"1":{"start":{"line":2,"column":13},"end":{"line":2,"column":28}},"2":{"start":{"line":3,"column":15},"end":{"line":3,"column":32}},"3":{"start":{"line":4,"column":15},"end":{"line":4,"column":32}},"4":{"start":{"line":5,"column":15},"end":{"line":5,"column":34}},"5":{"start":{"line":6,"column":21},"end":{"line":6,"column":58}},"6":{"start":{"line":8,"column":12},"end":{"line":8,"column":21}},"7":{"start":{"line":11,"column":0},"end":{"line":11,"column":16}},"8":{"start":{"line":12,"column":0},"end":{"line":12,"column":18}},"9":{"start":{"line":13,"column":0},"end":{"line":13,"column":23}},"10":{"start":{"line":14,"column":0},"end":{"line":14,"column":24}},"11":{"start":{"line":17,"column":0},"end":{"line":17,"column":24}},"12":{"start":{"line":20,"column":0},"end":{"line":20,"column":22}},"13":{"start":{"line":22,"column":0},"end":{"line":22,"column":21}}},"fnMap":{},"branchMap":{},"s":{"0":1,"1":1,"2":1,"3":1,"4":1,"5":1,"6":1,"7":1,"8":1,"9":1,"10":1,"11":1,"12":1,"13":1},"f":{},"b":{},"_coverageSchema":"1a1c01bbd47fc00a2c39e90264f33305004495a9","hash":"2ce3c09334858cbb9cf93238338d83eaf34f8d79"}
,"E:\\Descargas\\Ultimo proyecto\\PROYECTOFINAL-CABA-A-main\\PROYECTOFINAL-CABA-A-main\\backend\\config\\db.js": {"path":"E:\\Descargas\\Ultimo proyecto\\PROYECTOFINAL-CABA-A-main\\PROYECTOFINAL-CABA-A-main\\backend\\config\\db.js","statementMap":{"0":{"start":{"line":1,"column":17},"end":{"line":1,"column":30}},"1":{"start":{"line":2,"column":0},"end":{"line":2,"column":27}},"2":{"start":{"line":4,"column":13},"end":{"line":11,"column":2}},"3":{"start":{"line":14,"column":0},"end":{"line":17,"column":3}},"4":{"start":{"line":15,"column":2},"end":{"line":15,"column":67}},"5":{"start":{"line":16,"column":2},"end":{"line":16,"column":19}},"6":{"start":{"line":19,"column":0},"end":{"line":22,"column":2}},"7":{"start":{"line":21,"column":27},"end":{"line":21,"column":51}}},"fnMap":{"0":{"name":"(anonymous_0)","decl":{"start":{"line":14,"column":17},"end":{"line":14,"column":18}},"loc":{"start":{"line":14,"column":26},"end":{"line":17,"column":1}},"line":14},"1":{"name":"(anonymous_1)","decl":{"start":{"line":21,"column":9},"end":{"line":21,"column":10}},"loc":{"start":{"line":21,"column":27},"end":{"line":21,"column":51}},"line":21}},"branchMap":{"0":{"loc":{"start":{"line":10,"column":7},"end":{"line":10,"column":76}},"type":"cond-expr","locations":[{"start":{"line":10,"column":39},"end":{"line":10,"column":68}},{"start":{"line":10,"column":71},"end":{"line":10,"column":76}}],"line":10}},"s":{"0":1,"1":1,"2":1,"3":1,"4":0,"5":0,"6":1,"7":0},"f":{"0":0,"1":0},"b":{"0":[0,1]},"_coverageSchema":"1a1c01bbd47fc00a2c39e90264f33305004495a9","hash":"c14efe9002ea343555c46fffb0244d414f3c5ea5"}
,"E:\\Descargas\\Ultimo proyecto\\PROYECTOFINAL-CABA-A-main\\PROYECTOFINAL-CABA-A-main\\backend\\config\\jwt.js": {"path":"E:\\Descargas\\Ultimo proyecto\\PROYECTOFINAL-CABA-A-main\\PROYECTOFINAL-CABA-A-main\\backend\\config\\jwt.js","statementMap":{"0":{"start":{"line":1,"column":12},"end":{"line":1,"column":35}},"1":{"start":{"line":2,"column":0},"end":{"line":2,"column":27}},"2":{"start":{"line":4,"column":22},"end":{"line":14,"column":1}},"3":{"start":{"line":5,"column":2},"end":{"line":13,"column":4}},"4":{"start":{"line":16,"column":20},"end":{"line":18,"column":1}},"5":{"start":{"line":17,"column":2},"end":{"line":17,"column":51}},"6":{"start":{"line":20,"column":0},"end":{"line":23,"column":2}}},"fnMap":{"0":{"name":"(anonymous_0)","decl":{"start":{"line":4,"column":22},"end":{"line":4,"column":23}},"loc":{"start":{"line":4,"column":32},"end":{"line":14,"column":1}},"line":4},"1":{"name":"(anonymous_1)","decl":{"start":{"line":16,"column":20},"end":{"line":16,"column":21}},"loc":{"start":{"line":16,"column":31},"end":{"line":18,"column":1}},"line":16}},"branchMap":{},"s":{"0":1,"1":1,"2":1,"3":3,"4":1,"5":0,"6":1},"f":{"0":3,"1":0},"b":{},"_coverageSchema":"1a1c01bbd47fc00a2c39e90264f33305004495a9","hash":"54aacf0ff36bfc1f2e96fd48396e323e0c3f577d"}
,"E:\\Descargas\\Ultimo proyecto\\PROYECTOFINAL-CABA-A-main\\PROYECTOFINAL-CABA-A-main\\backend\\controllers\\authController.js": {"path":"E:\\Descargas\\Ultimo proyecto\\PROYECTOFINAL-CABA-A-main\\PROYECTOFINAL-CABA-A-main\\backend\\controllers\\authController.js","statementMap":{"0":{"start":{"line":1,"column":16},"end":{"line":1,"column":44}},"1":{"start":{"line":2,"column":26},"end":{"line":2,"column":50}},"2":{"start":{"line":3,"column":29},"end":{"line":3,"column":57}},"3":{"start":{"line":5,"column":0},"end":{"line":56,"column":2}},"4":{"start":{"line":7,"column":17},"end":{"line":7,"column":38}},"5":{"start":{"line":8,"column":2},"end":{"line":10,"column":3}},"6":{"start":{"line":9,"column":4},"end":{"line":9,"column":60}},"7":{"start":{"line":12,"column":2},"end":{"line":55,"column":3}},"8":{"start":{"line":13,"column":60},"end":{"line":13,"column":68}},"9":{"start":{"line":16,"column":29},"end":{"line":16,"column":61}},"10":{"start":{"line":17,"column":4},"end":{"line":22,"column":5}},"11":{"start":{"line":18,"column":6},"end":{"line":21,"column":9}},"12":{"start":{"line":25,"column":25},"end":{"line":31,"column":6}},"13":{"start":{"line":34,"column":18},"end":{"line":34,"column":45}},"14":{"start":{"line":36,"column":4},"end":{"line":48,"column":7}},"15":{"start":{"line":50,"column":4},"end":{"line":50,"column":25}},"16":{"start":{"line":51,"column":4},"end":{"line":54,"column":7}},"17":{"start":{"line":58,"column":0},"end":{"line":101,"column":2}},"18":{"start":{"line":60,"column":17},"end":{"line":60,"column":38}},"19":{"start":{"line":61,"column":2},"end":{"line":63,"column":3}},"20":{"start":{"line":62,"column":4},"end":{"line":62,"column":60}},"21":{"start":{"line":65,"column":2},"end":{"line":100,"column":3}},"22":{"start":{"line":66,"column":32},"end":{"line":66,"column":40}},"23":{"start":{"line":69,"column":20},"end":{"line":69,"column":52}},"24":{"start":{"line":70,"column":4},"end":{"line":75,"column":5}},"25":{"start":{"line":71,"column":6},"end":{"line":74,"column":9}},"26":{"start":{"line":78,"column":18},"end":{"line":78,"column":40}},"27":{"start":{"line":80,"column":4},"end":{"line":93,"column":7}},"28":{"start":{"line":95,"column":4},"end":{"line":95,"column":25}},"29":{"start":{"line":96,"column":4},"end":{"line":99,"column":7}},"30":{"start":{"line":103,"column":0},"end":{"line":120,"column":2}},"31":{"start":{"line":104,"column":2},"end":{"line":119,"column":3}},"32":{"start":{"line":105,"column":20},"end":{"line":105,"column":55}},"33":{"start":{"line":107,"column":4},"end":{"line":112,"column":7}},"34":{"start":{"line":114,"column":4},"end":{"line":114,"column":25}},"35":{"start":{"line":115,"column":4},"end":{"line":118,"column":7}}},"fnMap":{"0":{"name":"(anonymous_0)","decl":{"start":{"line":5,"column":20},"end":{"line":5,"column":21}},"loc":{"start":{"line":5,"column":40},"end":{"line":56,"column":1}},"line":5},"1":{"name":"(anonymous_1)","decl":{"start":{"line":58,"column":16},"end":{"line":58,"column":17}},"loc":{"start":{"line":58,"column":36},"end":{"line":101,"column":1}},"line":58},"2":{"name":"(anonymous_2)","decl":{"start":{"line":103,"column":16},"end":{"line":103,"column":17}},"loc":{"start":{"line":103,"column":36},"end":{"line":120,"column":1}},"line":103}},"branchMap":{"0":{"loc":{"start":{"line":8,"column":2},"end":{"line":10,"column":3}},"type":"if","locations":[{"start":{"line":8,"column":2},"end":{"line":10,"column":3}},{"start":{},"end":{}}],"line":8},"1":{"loc":{"start":{"line":17,"column":4},"end":{"line":22,"column":5}},"type":"if","locations":[{"start":{"line":17,"column":4},"end":{"line":22,"column":5}},{"start":{},"end":{}}],"line":17},"2":{"loc":{"start":{"line":61,"column":2},"end":{"line":63,"column":3}},"type":"if","locations":[{"start":{"line":61,"column":2},"end":{"line":63,"column":3}},{"start":{},"end":{}}],"line":61},"3":{"loc":{"start":{"line":70,"column":4},"end":{"line":75,"column":5}},"type":"if","locations":[{"start":{"line":70,"column":4},"end":{"line":75,"column":5}},{"start":{},"end":{}}],"line":70},"4":{"loc":{"start":{"line":70,"column":8},"end":{"line":70,"column":81}},"type":"binary-expr","locations":[{"start":{"line":70,"column":8},"end":{"line":70,"column":16}},{"start":{"line":70,"column":20},"end":{"line":70,"column":81}}],"line":70}},"s":{"0":1,"1":1,"2":1,"3":1,"4":2,"5":2,"6":0,"7":2,"8":2,"9":2,"10":2,"11":1,"12":1,"13":1,"14":1,"15":0,"16":0,"17":1,"18":3,"19":3,"20":0,"21":3,"22":3,"23":3,"24":3,"25":1,"26":2,"27":2,"28":0,"29":0,"30":1,"31":1,"32":1,"33":0,"34":1,"35":1},"f":{"0":2,"1":3,"2":1},"b":{"0":[0,2],"1":[1,1],"2":[0,3],"3":[1,2],"4":[3,3]},"_coverageSchema":"1a1c01bbd47fc00a2c39e90264f33305004495a9","hash":"dd6bc19999db8db9b639cb7e71685215df311375"}
,"E:\\Descargas\\Ultimo proyecto\\PROYECTOFINAL-CABA-A-main\\PROYECTOFINAL-CABA-A-main\\backend\\controllers\\cabanasController.js": {"path":"E:\\Descargas\\Ultimo proyecto\\PROYECTOFINAL-CABA-A-main\\PROYECTOFINAL-CABA-A-main\\backend\\controllers\\cabanasController.js","statementMap":{"0":{"start":{"line":1,"column":15},"end":{"line":1,"column":42}},"1":{"start":{"line":2,"column":29},"end":{"line":2,"column":57}},"2":{"start":{"line":4,"column":0},"end":{"line":21,"column":2}},"3":{"start":{"line":5,"column":2},"end":{"line":20,"column":3}},"4":{"start":{"line":6,"column":20},"end":{"line":6,"column":42}},"5":{"start":{"line":7,"column":4},"end":{"line":13,"column":7}},"6":{"start":{"line":15,"column":4},"end":{"line":15,"column":25}},"7":{"start":{"line":16,"column":4},"end":{"line":19,"column":7}},"8":{"start":{"line":23,"column":0},"end":{"line":45,"column":2}},"9":{"start":{"line":24,"column":2},"end":{"line":44,"column":3}},"10":{"start":{"line":25,"column":19},"end":{"line":25,"column":55}},"11":{"start":{"line":26,"column":4},"end":{"line":31,"column":5}},"12":{"start":{"line":27,"column":6},"end":{"line":30,"column":9}},"13":{"start":{"line":32,"column":4},"end":{"line":37,"column":7}},"14":{"start":{"line":39,"column":4},"end":{"line":39,"column":25}},"15":{"start":{"line":40,"column":4},"end":{"line":43,"column":7}},"16":{"start":{"line":47,"column":0},"end":{"line":68,"column":2}},"17":{"start":{"line":48,"column":2},"end":{"line":67,"column":3}},"18":{"start":{"line":49,"column":19},"end":{"line":49,"column":40}},"19":{"start":{"line":50,"column":4},"end":{"line":52,"column":5}},"20":{"start":{"line":51,"column":6},"end":{"line":51,"column":62}},"21":{"start":{"line":54,"column":24},"end":{"line":54,"column":53}},"22":{"start":{"line":55,"column":4},"end":{"line":60,"column":7}},"23":{"start":{"line":62,"column":4},"end":{"line":62,"column":25}},"24":{"start":{"line":63,"column":4},"end":{"line":66,"column":7}},"25":{"start":{"line":70,"column":0},"end":{"line":97,"column":2}},"26":{"start":{"line":71,"column":2},"end":{"line":96,"column":3}},"27":{"start":{"line":72,"column":19},"end":{"line":72,"column":40}},"28":{"start":{"line":73,"column":4},"end":{"line":75,"column":5}},"29":{"start":{"line":74,"column":6},"end":{"line":74,"column":62}},"30":{"start":{"line":77,"column":19},"end":{"line":77,"column":63}},"31":{"start":{"line":78,"column":4},"end":{"line":83,"column":5}},"32":{"start":{"line":79,"column":6},"end":{"line":82,"column":9}},"33":{"start":{"line":84,"column":4},"end":{"line":89,"column":7}},"34":{"start":{"line":91,"column":4},"end":{"line":91,"column":25}},"35":{"start":{"line":92,"column":4},"end":{"line":95,"column":7}},"36":{"start":{"line":99,"column":0},"end":{"line":119,"column":2}},"37":{"start":{"line":100,"column":2},"end":{"line":118,"column":3}},"38":{"start":{"line":101,"column":19},"end":{"line":101,"column":53}},"39":{"start":{"line":102,"column":4},"end":{"line":107,"column":5}},"40":{"start":{"line":103,"column":6},"end":{"line":106,"column":9}},"41":{"start":{"line":108,"column":4},"end":{"line":111,"column":7}},"42":{"start":{"line":113,"column":4},"end":{"line":113,"column":25}},"43":{"start":{"line":114,"column":4},"end":{"line":117,"column":7}}},"fnMap":{"0":{"name":"(anonymous_0)","decl":{"start":{"line":4,"column":25},"end":{"line":4,"column":26}},"loc":{"start":{"line":4,"column":45},"end":{"line":21,"column":1}},"line":4},"1":{"name":"(anonymous_1)","decl":{"start":{"line":23,"column":24},"end":{"line":23,"column":25}},"loc":{"start":{"line":23,"column":44},"end":{"line":45,"column":1}},"line":23},"2":{"name":"(anonymous_2)","decl":{"start":{"line":47,"column":22},"end":{"line":47,"column":23}},"loc":{"start":{"line":47,"column":42},"end":{"line":68,"column":1}},"line":47},"3":{"name":"(anonymous_3)","decl":{"start":{"line":70,"column":27},"end":{"line":70,"column":28}},"loc":{"start":{"line":70,"column":47},"end":{"line":97,"column":1}},"line":70},"4":{"name":"(anonymous_4)","decl":{"start":{"line":99,"column":25},"end":{"line":99,"column":26}},"loc":{"start":{"line":99,"column":45},"end":{"line":119,"column":1}},"line":99}},"branchMap":{"0":{"loc":{"start":{"line":26,"column":4},"end":{"line":31,"column":5}},"type":"if","locations":[{"start":{"line":26,"column":4},"end":{"line":31,"column":5}},{"start":{},"end":{}}],"line":26},"1":{"loc":{"start":{"line":50,"column":4},"end":{"line":52,"column":5}},"type":"if","locations":[{"start":{"line":50,"column":4},"end":{"line":52,"column":5}},{"start":{},"end":{}}],"line":50},"2":{"loc":{"start":{"line":73,"column":4},"end":{"line":75,"column":5}},"type":"if","locations":[{"start":{"line":73,"column":4},"end":{"line":75,"column":5}},{"start":{},"end":{}}],"line":73},"3":{"loc":{"start":{"line":78,"column":4},"end":{"line":83,"column":5}},"type":"if","locations":[{"start":{"line":78,"column":4},"end":{"line":83,"column":5}},{"start":{},"end":{}}],"line":78},"4":{"loc":{"start":{"line":102,"column":4},"end":{"line":107,"column":5}},"type":"if","locations":[{"start":{"line":102,"column":4},"end":{"line":107,"column":5}},{"start":{},"end":{}}],"line":102}},"s":{"0":1,"1":1,"2":1,"3":0,"4":0,"5":0,"6":0,"7":0,"8":1,"9":0,"10":0,"11":0,"12":0,"13":0,"14":0,"15":0,"16":1,"17":0,"18":0,"19":0,"20":0,"21":0,"22":0,"23":0,"24":0,"25":1,"26":0,"27":0,"28":0,"29":0,"30":0,"31":0,"32":0,"33":0,"34":0,"35":0,"36":1,"37":0,"38":0,"39":0,"40":0,"41":0,"42":0,"43":0},"f":{"0":0,"1":0,"2":0,"3":0,"4":0},"b":{"0":[0,0],"1":[0,0],"2":[0,0],"3":[0,0],"4":[0,0]},"_coverageSchema":"1a1c01bbd47fc00a2c39e90264f33305004495a9","hash":"c3055813bdd3b3b85bcea89d0f90126c6eb6cad8"}
,"E:\\Descargas\\Ultimo proyecto\\PROYECTOFINAL-CABA-A-main\\PROYECTOFINAL-CABA-A-main\\backend\\controllers\\reservasController.js": {"path":"E:\\Descargas\\Ultimo proyecto\\PROYECTOFINAL-CABA-A-main\\PROYECTOFINAL-CABA-A-main\\backend\\controllers\\reservasController.js","statementMap":{"0":{"start":{"line":1,"column":16},"end":{"line":1,"column":44}},"1":{"start":{"line":2,"column":15},"end":{"line":2,"column":42}},"2":{"start":{"line":3,"column":17},"end":{"line":3,"column":46}},"3":{"start":{"line":4,"column":29},"end":{"line":4,"column":57}},"4":{"start":{"line":6,"column":0},"end":{"line":29,"column":2}},"5":{"start":{"line":7,"column":2},"end":{"line":28,"column":3}},"6":{"start":{"line":9,"column":4},"end":{"line":13,"column":5}},"7":{"start":{"line":10,"column":6},"end":{"line":10,"column":41}},"8":{"start":{"line":12,"column":6},"end":{"line":12,"column":57}},"9":{"start":{"line":15,"column":4},"end":{"line":21,"column":7}},"10":{"start":{"line":23,"column":4},"end":{"line":23,"column":25}},"11":{"start":{"line":24,"column":4},"end":{"line":27,"column":7}},"12":{"start":{"line":31,"column":0},"end":{"line":62,"column":2}},"13":{"start":{"line":32,"column":2},"end":{"line":61,"column":3}},"14":{"start":{"line":33,"column":20},"end":{"line":33,"column":57}},"15":{"start":{"line":34,"column":4},"end":{"line":39,"column":5}},"16":{"start":{"line":35,"column":6},"end":{"line":38,"column":9}},"17":{"start":{"line":42,"column":4},"end":{"line":47,"column":5}},"18":{"start":{"line":43,"column":6},"end":{"line":46,"column":9}},"19":{"start":{"line":49,"column":4},"end":{"line":54,"column":7}},"20":{"start":{"line":56,"column":4},"end":{"line":56,"column":25}},"21":{"start":{"line":57,"column":4},"end":{"line":60,"column":7}},"22":{"start":{"line":64,"column":0},"end":{"line":130,"column":2}},"23":{"start":{"line":65,"column":2},"end":{"line":129,"column":3}},"24":{"start":{"line":66,"column":19},"end":{"line":66,"column":40}},"25":{"start":{"line":67,"column":4},"end":{"line":69,"column":5}},"26":{"start":{"line":68,"column":6},"end":{"line":68,"column":62}},"27":{"start":{"line":72,"column":19},"end":{"line":72,"column":60}},"28":{"start":{"line":73,"column":4},"end":{"line":78,"column":5}},"29":{"start":{"line":74,"column":6},"end":{"line":77,"column":9}},"30":{"start":{"line":81,"column":4},"end":{"line":91,"column":5}},"31":{"start":{"line":82,"column":6},"end":{"line":90,"column":7}},"32":{"start":{"line":83,"column":25},"end":{"line":83,"column":60}},"33":{"start":{"line":84,"column":8},"end":{"line":89,"column":9}},"34":{"start":{"line":85,"column":10},"end":{"line":88,"column":13}},"35":{"start":{"line":94,"column":17},"end":{"line":94,"column":105}},"36":{"start":{"line":95,"column":16},"end":{"line":95,"column":36}},"37":{"start":{"line":98,"column":4},"end":{"line":103,"column":5}},"38":{"start":{"line":99,"column":6},"end":{"line":102,"column":7}},"39":{"start":{"line":100,"column":25},"end":{"line":100,"column":60}},"40":{"start":{"line":101,"column":8},"end":{"line":101,"column":40}},"41":{"start":{"line":106,"column":25},"end":{"line":115,"column":6}},"42":{"start":{"line":117,"column":4},"end":{"line":122,"column":7}},"43":{"start":{"line":124,"column":4},"end":{"line":124,"column":25}},"44":{"start":{"line":125,"column":4},"end":{"line":128,"column":7}},"45":{"start":{"line":132,"column":0},"end":{"line":172,"column":2}},"46":{"start":{"line":133,"column":2},"end":{"line":171,"column":3}},"47":{"start":{"line":134,"column":20},"end":{"line":134,"column":57}},"48":{"start":{"line":135,"column":4},"end":{"line":140,"column":5}},"49":{"start":{"line":136,"column":6},"end":{"line":139,"column":9}},"50":{"start":{"line":143,"column":4},"end":{"line":148,"column":5}},"51":{"start":{"line":144,"column":6},"end":{"line":147,"column":9}},"52":{"start":{"line":151,"column":4},"end":{"line":156,"column":5}},"53":{"start":{"line":152,"column":6},"end":{"line":155,"column":9}},"54":{"start":{"line":158,"column":29},"end":{"line":158,"column":64}},"55":{"start":{"line":159,"column":4},"end":{"line":164,"column":7}},"56":{"start":{"line":166,"column":4},"end":{"line":166,"column":25}},"57":{"start":{"line":167,"column":4},"end":{"line":170,"column":7}}},"fnMap":{"0":{"name":"(anonymous_0)","decl":{"start":{"line":6,"column":26},"end":{"line":6,"column":27}},"loc":{"start":{"line":6,"column":46},"end":{"line":29,"column":1}},"line":6},"1":{"name":"(anonymous_1)","decl":{"start":{"line":31,"column":25},"end":{"line":31,"column":26}},"loc":{"start":{"line":31,"column":45},"end":{"line":62,"column":1}},"line":31},"2":{"name":"(anonymous_2)","decl":{"start":{"line":64,"column":23},"end":{"line":64,"column":24}},"loc":{"start":{"line":64,"column":43},"end":{"line":130,"column":1}},"line":64},"3":{"name":"(anonymous_3)","decl":{"start":{"line":132,"column":26},"end":{"line":132,"column":27}},"loc":{"start":{"line":132,"column":46},"end":{"line":172,"column":1}},"line":132}},"branchMap":{"0":{"loc":{"start":{"line":9,"column":4},"end":{"line":13,"column":5}},"type":"if","locations":[{"start":{"line":9,"column":4},"end":{"line":13,"column":5}},{"start":{"line":11,"column":11},"end":{"line":13,"column":5}}],"line":9},"1":{"loc":{"start":{"line":34,"column":4},"end":{"line":39,"column":5}},"type":"if","locations":[{"start":{"line":34,"column":4},"end":{"line":39,"column":5}},{"start":{},"end":{}}],"line":34},"2":{"loc":{"start":{"line":42,"column":4},"end":{"line":47,"column":5}},"type":"if","locations":[{"start":{"line":42,"column":4},"end":{"line":47,"column":5}},{"start":{},"end":{}}],"line":42},"3":{"loc":{"start":{"line":42,"column":8},"end":{"line":42,"column":64}},"type":"binary-expr","locations":[{"start":{"line":42,"column":8},"end":{"line":42,"column":42}},{"start":{"line":42,"column":46},"end":{"line":42,"column":64}}],"line":42},"4":{"loc":{"start":{"line":67,"column":4},"end":{"line":69,"column":5}},"type":"if","locations":[{"start":{"line":67,"column":4},"end":{"line":69,"column":5}},{"start":{},"end":{}}],"line":67},"5":{"loc":{"start":{"line":73,"column":4},"end":{"line":78,"column":5}},"type":"if","locations":[{"start":{"line":73,"column":4},"end":{"line":78,"column":5}},{"start":{},"end":{}}],"line":73},"6":{"loc":{"start":{"line":81,"column":4},"end":{"line":91,"column":5}},"type":"if","locations":[{"start":{"line":81,"column":4},"end":{"line":91,"column":5}},{"start":{},"end":{}}],"line":81},"7":{"loc":{"start":{"line":81,"column":8},"end":{"line":81,"column":59}},"type":"binary-expr","locations":[{"start":{"line":81,"column":8},"end":{"line":81,"column":26}},{"start":{"line":81,"column":30},"end":{"line":81,"column":59}}],"line":81},"8":{"loc":{"start":{"line":84,"column":8},"end":{"line":89,"column":9}},"type":"if","locations":[{"start":{"line":84,"column":8},"end":{"line":89,"column":9}},{"start":{},"end":{}}],"line":84},"9":{"loc":{"start":{"line":98,"column":4},"end":{"line":103,"column":5}},"type":"if","locations":[{"start":{"line":98,"column":4},"end":{"line":103,"column":5}},{"start":{},"end":{}}],"line":98},"10":{"loc":{"start":{"line":98,"column":8},"end":{"line":98,"column":59}},"type":"binary-expr","locations":[{"start":{"line":98,"column":8},"end":{"line":98,"column":26}},{"start":{"line":98,"column":30},"end":{"line":98,"column":59}}],"line":98},"11":{"loc":{"start":{"line":112,"column":13},"end":{"line":112,"column":32}},"type":"binary-expr","locations":[{"start":{"line":112,"column":13},"end":{"line":112,"column":27}},{"start":{"line":112,"column":31},"end":{"line":112,"column":32}}],"line":112},"12":{"loc":{"start":{"line":114,"column":17},"end":{"line":114,"column":41}},"type":"binary-expr","locations":[{"start":{"line":114,"column":17},"end":{"line":114,"column":35}},{"start":{"line":114,"column":39},"end":{"line":114,"column":41}}],"line":114},"13":{"loc":{"start":{"line":135,"column":4},"end":{"line":140,"column":5}},"type":"if","locations":[{"start":{"line":135,"column":4},"end":{"line":140,"column":5}},{"start":{},"end":{}}],"line":135},"14":{"loc":{"start":{"line":143,"column":4},"end":{"line":148,"column":5}},"type":"if","locations":[{"start":{"line":143,"column":4},"end":{"line":148,"column":5}},{"start":{},"end":{}}],"line":143},"15":{"loc":{"start":{"line":143,"column":8},"end":{"line":143,"column":64}},"type":"binary-expr","locations":[{"start":{"line":143,"column":8},"end":{"line":143,"column":42}},{"start":{"line":143,"column":46},"end":{"line":143,"column":64}}],"line":143},"16":{"loc":{"start":{"line":151,"column":4},"end":{"line":156,"column":5}},"type":"if","locations":[{"start":{"line":151,"column":4},"end":{"line":156,"column":5}},{"start":{},"end":{}}],"line":151}},"s":{"0":1,"1":1,"2":1,"3":1,"4":1,"5":0,"6":0,"7":0,"8":0,"9":0,"10":0,"11":0,"12":1,"13":0,"14":0,"15":0,"16":0,"17":0,"18":0,"19":0,"20":0,"21":0,"22":1,"23":0,"24":0,"25":0,"26":0,"27":0,"28":0,"29":0,"30":0,"31":0,"32":0,"33":0,"34":0,"35":0,"36":0,"37":0,"38":0,"39":0,"40":0,"41":0,"42":0,"43":0,"44":0,"45":1,"46":0,"47":0,"48":0,"49":0,"50":0,"51":0,"52":0,"53":0,"54":0,"55":0,"56":0,"57":0},"f":{"0":0,"1":0,"2":0,"3":0},"b":{"0":[0,0],"1":[0,0],"2":[0,0],"3":[0,0],"4":[0,0],"5":[0,0],"6":[0,0],"7":[0,0],"8":[0,0],"9":[0,0],"10":[0,0],"11":[0,0],"12":[0,0],"13":[0,0],"14":[0,0],"15":[0,0],"16":[0,0]},"_coverageSchema":"1a1c01bbd47fc00a2c39e90264f33305004495a9","hash":"89c5d3d99f3f332981abb7533cb116590f5cba0c"}
,"E:\\Descargas\\Ultimo proyecto\\PROYECTOFINAL-CABA-A-main\\PROYECTOFINAL-CABA-A-main\\backend\\controllers\\serviciosController.js": {"path":"E:\\Descargas\\Ultimo proyecto\\PROYECTOFINAL-CABA-A-main\\PROYECTOFINAL-CABA-A-main\\backend\\controllers\\serviciosController.js","statementMap":{"0":{"start":{"line":1,"column":17},"end":{"line":1,"column":46}},"1":{"start":{"line":2,"column":29},"end":{"line":2,"column":57}},"2":{"start":{"line":4,"column":0},"end":{"line":21,"column":2}},"3":{"start":{"line":5,"column":2},"end":{"line":20,"column":3}},"4":{"start":{"line":6,"column":22},"end":{"line":6,"column":46}},"5":{"start":{"line":7,"column":4},"end":{"line":13,"column":7}},"6":{"start":{"line":15,"column":4},"end":{"line":15,"column":25}},"7":{"start":{"line":16,"column":4},"end":{"line":19,"column":7}},"8":{"start":{"line":23,"column":0},"end":{"line":45,"column":2}},"9":{"start":{"line":24,"column":2},"end":{"line":44,"column":3}},"10":{"start":{"line":25,"column":21},"end":{"line":25,"column":59}},"11":{"start":{"line":26,"column":4},"end":{"line":31,"column":5}},"12":{"start":{"line":27,"column":6},"end":{"line":30,"column":9}},"13":{"start":{"line":32,"column":4},"end":{"line":37,"column":7}},"14":{"start":{"line":39,"column":4},"end":{"line":39,"column":25}},"15":{"start":{"line":40,"column":4},"end":{"line":43,"column":7}},"16":{"start":{"line":47,"column":0},"end":{"line":68,"column":2}},"17":{"start":{"line":48,"column":2},"end":{"line":67,"column":3}},"18":{"start":{"line":49,"column":19},"end":{"line":49,"column":40}},"19":{"start":{"line":50,"column":4},"end":{"line":52,"column":5}},"20":{"start":{"line":51,"column":6},"end":{"line":51,"column":62}},"21":{"start":{"line":54,"column":26},"end":{"line":54,"column":57}},"22":{"start":{"line":55,"column":4},"end":{"line":60,"column":7}},"23":{"start":{"line":62,"column":4},"end":{"line":62,"column":25}},"24":{"start":{"line":63,"column":4},"end":{"line":66,"column":7}},"25":{"start":{"line":70,"column":0},"end":{"line":97,"column":2}},"26":{"start":{"line":71,"column":2},"end":{"line":96,"column":3}},"27":{"start":{"line":72,"column":19},"end":{"line":72,"column":40}},"28":{"start":{"line":73,"column":4},"end":{"line":75,"column":5}},"29":{"start":{"line":74,"column":6},"end":{"line":74,"column":62}},"30":{"start":{"line":77,"column":21},"end":{"line":77,"column":67}},"31":{"start":{"line":78,"column":4},"end":{"line":83,"column":5}},"32":{"start":{"line":79,"column":6},"end":{"line":82,"column":9}},"33":{"start":{"line":84,"column":4},"end":{"line":89,"column":7}},"34":{"start":{"line":91,"column":4},"end":{"line":91,"column":25}},"35":{"start":{"line":92,"column":4},"end":{"line":95,"column":7}},"36":{"start":{"line":99,"column":0},"end":{"line":119,"column":2}},"37":{"start":{"line":100,"column":2},"end":{"line":118,"column":3}},"38":{"start":{"line":101,"column":21},"end":{"line":101,"column":57}},"39":{"start":{"line":102,"column":4},"end":{"line":107,"column":5}},"40":{"start":{"line":103,"column":6},"end":{"line":106,"column":9}},"41":{"start":{"line":108,"column":4},"end":{"line":111,"column":7}},"42":{"start":{"line":113,"column":4},"end":{"line":113,"column":25}},"43":{"start":{"line":114,"column":4},"end":{"line":117,"column":7}}},"fnMap":{"0":{"name":"(anonymous_0)","decl":{"start":{"line":4,"column":27},"end":{"line":4,"column":28}},"loc":{"start":{"line":4,"column":47},"end":{"line":21,"column":1}},"line":4},"1":{"name":"(anonymous_1)","decl":{"start":{"line":23,"column":26},"end":{"line":23,"column":27}},"loc":{"start":{"line":23,"column":46},"end":{"line":45,"column":1}},"line":23},"2":{"name":"(anonymous_2)","decl":{"start":{"line":47,"column":24},"end":{"line":47,"column":25}},"loc":{"start":{"line":47,"column":44},"end":{"line":68,"column":1}},"line":47},"3":{"name":"(anonymous_3)","decl":{"start":{"line":70,"column":29},"end":{"line":70,"column":30}},"loc":{"start":{"line":70,"column":49},"end":{"line":97,"column":1}},"line":70},"4":{"name":"(anonymous_4)","decl":{"start":{"line":99,"column":27},"end":{"line":99,"column":28}},"loc":{"start":{"line":99,"column":47},"end":{"line":119,"column":1}},"line":99}},"branchMap":{"0":{"loc":{"start":{"line":26,"column":4},"end":{"line":31,"column":5}},"type":"if","locations":[{"start":{"line":26,"column":4},"end":{"line":31,"column":5}},{"start":{},"end":{}}],"line":26},"1":{"loc":{"start":{"line":50,"column":4},"end":{"line":52,"column":5}},"type":"if","locations":[{"start":{"line":50,"column":4},"end":{"line":52,"column":5}},{"start":{},"end":{}}],"line":50},"2":{"loc":{"start":{"line":73,"column":4},"end":{"line":75,"column":5}},"type":"if","locations":[{"start":{"line":73,"column":4},"end":{"line":75,"column":5}},{"start":{},"end":{}}],"line":73},"3":{"loc":{"start":{"line":78,"column":4},"end":{"line":83,"column":5}},"type":"if","locations":[{"start":{"line":78,"column":4},"end":{"line":83,"column":5}},{"start":{},"end":{}}],"line":78},"4":{"loc":{"start":{"line":102,"column":4},"end":{"line":107,"column":5}},"type":"if","locations":[{"start":{"line":102,"column":4},"end":{"line":107,"column":5}},{"start":{},"end":{}}],"line":102}},"s":{"0":1,"1":1,"2":1,"3":0,"4":0,"5":0,"6":0,"7":0,"8":1,"9":0,"10":0,"11":0,"12":0,"13":0,"14":0,"15":0,"16":1,"17":0,"18":0,"19":0,"20":0,"21":0,"22":0,"23":0,"24":0,"25":1,"26":0,"27":0,"28":0,"29":0,"30":0,"31":0,"32":0,"33":0,"34":0,"35":0,"36":1,"37":0,"38":0,"39":0,"40":0,"41":0,"42":0,"43":0},"f":{"0":0,"1":0,"2":0,"3":0,"4":0},"b":{"0":[0,0],"1":[0,0],"2":[0,0],"3":[0,0],"4":[0,0]},"_coverageSchema":"1a1c01bbd47fc00a2c39e90264f33305004495a9","hash":"9f2593e47d726c2df2493e07f7551a1aaba7b0de"}
,"E:\\Descargas\\Ultimo proyecto\\PROYECTOFINAL-CABA-A-main\\PROYECTOFINAL-CABA-A-main\\backend\\middlewares\\auth.js": {"path":"E:\\Descargas\\Ultimo proyecto\\PROYECTOFINAL-CABA-A-main\\PROYECTOFINAL-CABA-A-main\\backend\\middlewares\\auth.js","statementMap":{"0":{"start":{"line":1,"column":24},"end":{"line":1,"column":48}},"1":{"start":{"line":2,"column":16},"end":{"line":2,"column":44}},"2":{"start":{"line":4,"column":13},"end":{"line":40,"column":1}},"3":{"start":{"line":5,"column":2},"end":{"line":39,"column":3}},"4":{"start":{"line":8,"column":4},"end":{"line":10,"column":5}},"5":{"start":{"line":9,"column":6},"end":{"line":9,"column":54}},"6":{"start":{"line":12,"column":4},"end":{"line":17,"column":5}},"7":{"start":{"line":13,"column":6},"end":{"line":16,"column":9}},"8":{"start":{"line":20,"column":20},"end":{"line":20,"column":38}},"9":{"start":{"line":23,"column":24},"end":{"line":23,"column":58}},"10":{"start":{"line":24,"column":4},"end":{"line":29,"column":5}},"11":{"start":{"line":25,"column":6},"end":{"line":28,"column":9}},"12":{"start":{"line":32,"column":4},"end":{"line":32,"column":27}},"13":{"start":{"line":33,"column":4},"end":{"line":33,"column":11}},"14":{"start":{"line":35,"column":4},"end":{"line":38,"column":7}},"15":{"start":{"line":42,"column":24},"end":{"line":50,"column":1}},"16":{"start":{"line":43,"column":2},"end":{"line":48,"column":3}},"17":{"start":{"line":44,"column":4},"end":{"line":47,"column":7}},"18":{"start":{"line":49,"column":2},"end":{"line":49,"column":9}},"19":{"start":{"line":52,"column":0},"end":{"line":55,"column":2}}},"fnMap":{"0":{"name":"(anonymous_0)","decl":{"start":{"line":4,"column":13},"end":{"line":4,"column":14}},"loc":{"start":{"line":4,"column":39},"end":{"line":40,"column":1}},"line":4},"1":{"name":"(anonymous_1)","decl":{"start":{"line":42,"column":24},"end":{"line":42,"column":25}},"loc":{"start":{"line":42,"column":44},"end":{"line":50,"column":1}},"line":42}},"branchMap":{"0":{"loc":{"start":{"line":8,"column":4},"end":{"line":10,"column":5}},"type":"if","locations":[{"start":{"line":8,"column":4},"end":{"line":10,"column":5}},{"start":{},"end":{}}],"line":8},"1":{"loc":{"start":{"line":8,"column":8},"end":{"line":8,"column":83}},"type":"binary-expr","locations":[{"start":{"line":8,"column":8},"end":{"line":8,"column":33}},{"start":{"line":8,"column":37},"end":{"line":8,"column":83}}],"line":8},"2":{"loc":{"start":{"line":12,"column":4},"end":{"line":17,"column":5}},"type":"if","locations":[{"start":{"line":12,"column":4},"end":{"line":17,"column":5}},{"start":{},"end":{}}],"line":12},"3":{"loc":{"start":{"line":24,"column":4},"end":{"line":29,"column":5}},"type":"if","locations":[{"start":{"line":24,"column":4},"end":{"line":29,"column":5}},{"start":{},"end":{}}],"line":24},"4":{"loc":{"start":{"line":43,"column":2},"end":{"line":48,"column":3}},"type":"if","locations":[{"start":{"line":43,"column":2},"end":{"line":48,"column":3}},{"start":{},"end":{}}],"line":43}},"s":{"0":1,"1":1,"2":1,"3":0,"4":0,"5":0,"6":0,"7":0,"8":0,"9":0,"10":0,"11":0,"12":0,"13":0,"14":0,"15":1,"16":0,"17":0,"18":0,"19":1},"f":{"0":0,"1":0},"b":{"0":[0,0],"1":[0,0],"2":[0,0],"3":[0,0],"4":[0,0]},"_coverageSchema":"1a1c01bbd47fc00a2c39e90264f33305004495a9","hash":"3901021fb2f3ae3bdab6d6f5cf5f482d21f0f0f2"}
,"E:\\Descargas\\Ultimo proyecto\\PROYECTOFINAL-CABA-A-main\\PROYECTOFINAL-CABA-A-main\\backend\\middlewares\\errorHandler.js": {"path":"E:\\Descargas\\Ultimo proyecto\\PROYECTOFINAL-CABA-A-main\\PROYECTOFINAL-CABA-A-main\\backend\\middlewares\\errorHandler.js","statementMap":{"0":{"start":{"line":1,"column":17},"end":{"line":1,"column":45}},"1":{"start":{"line":3,"column":26},"end":{"line":6,"column":1}},"2":{"start":{"line":4,"column":18},"end":{"line":4,"column":61}},"3":{"start":{"line":5,"column":2},"end":{"line":5,"column":36}},"4":{"start":{"line":8,"column":32},"end":{"line":12,"column":1}},"5":{"start":{"line":9,"column":16},"end":{"line":9,"column":55}},"6":{"start":{"line":10,"column":18},"end":{"line":10,"column":72}},"7":{"start":{"line":11,"column":2},"end":{"line":11,"column":36}},"8":{"start":{"line":14,"column":32},"end":{"line":18,"column":1}},"9":{"start":{"line":15,"column":17},"end":{"line":15,"column":66}},"10":{"start":{"line":15,"column":55},"end":{"line":15,"column":65}},"11":{"start":{"line":16,"column":18},"end":{"line":16,"column":68}},"12":{"start":{"line":17,"column":2},"end":{"line":17,"column":36}},"13":{"start":{"line":20,"column":23},"end":{"line":21,"column":74}},"14":{"start":{"line":21,"column":2},"end":{"line":21,"column":74}},"15":{"start":{"line":23,"column":30},"end":{"line":24,"column":80}},"16":{"start":{"line":24,"column":2},"end":{"line":24,"column":80}},"17":{"start":{"line":26,"column":21},"end":{"line":33,"column":1}},"18":{"start":{"line":27,"column":2},"end":{"line":32,"column":5}},"19":{"start":{"line":35,"column":22},"end":{"line":54,"column":1}},"20":{"start":{"line":37,"column":2},"end":{"line":53,"column":3}},"21":{"start":{"line":38,"column":4},"end":{"line":41,"column":7}},"22":{"start":{"line":46,"column":4},"end":{"line":46,"column":35}},"23":{"start":{"line":49,"column":4},"end":{"line":52,"column":7}},"24":{"start":{"line":56,"column":0},"end":{"line":74,"column":2}},"25":{"start":{"line":57,"column":2},"end":{"line":57,"column":41}},"26":{"start":{"line":58,"column":2},"end":{"line":58,"column":37}},"27":{"start":{"line":60,"column":2},"end":{"line":73,"column":3}},"28":{"start":{"line":61,"column":4},"end":{"line":61,"column":27}},"29":{"start":{"line":62,"column":9},"end":{"line":73,"column":3}},"30":{"start":{"line":63,"column":16},"end":{"line":63,"column":26}},"31":{"start":{"line":64,"column":4},"end":{"line":64,"column":32}},"32":{"start":{"line":66,"column":4},"end":{"line":66,"column":69}},"33":{"start":{"line":66,"column":36},"end":{"line":66,"column":69}},"34":{"start":{"line":67,"column":4},"end":{"line":67,"column":71}},"35":{"start":{"line":67,"column":32},"end":{"line":67,"column":71}},"36":{"start":{"line":68,"column":4},"end":{"line":68,"column":81}},"37":{"start":{"line":68,"column":42},"end":{"line":68,"column":81}},"38":{"start":{"line":69,"column":4},"end":{"line":69,"column":69}},"39":{"start":{"line":69,"column":44},"end":{"line":69,"column":69}},"40":{"start":{"line":70,"column":4},"end":{"line":70,"column":76}},"41":{"start":{"line":70,"column":44},"end":{"line":70,"column":76}},"42":{"start":{"line":72,"column":4},"end":{"line":72,"column":30}}},"fnMap":{"0":{"name":"(anonymous_0)","decl":{"start":{"line":3,"column":26},"end":{"line":3,"column":27}},"loc":{"start":{"line":3,"column":35},"end":{"line":6,"column":1}},"line":3},"1":{"name":"(anonymous_1)","decl":{"start":{"line":8,"column":32},"end":{"line":8,"column":33}},"loc":{"start":{"line":8,"column":41},"end":{"line":12,"column":1}},"line":8},"2":{"name":"(anonymous_2)","decl":{"start":{"line":14,"column":32},"end":{"line":14,"column":33}},"loc":{"start":{"line":14,"column":41},"end":{"line":18,"column":1}},"line":14},"3":{"name":"(anonymous_3)","decl":{"start":{"line":15,"column":47},"end":{"line":15,"column":48}},"loc":{"start":{"line":15,"column":55},"end":{"line":15,"column":65}},"line":15},"4":{"name":"(anonymous_4)","decl":{"start":{"line":20,"column":23},"end":{"line":20,"column":24}},"loc":{"start":{"line":21,"column":2},"end":{"line":21,"column":74}},"line":21},"5":{"name":"(anonymous_5)","decl":{"start":{"line":23,"column":30},"end":{"line":23,"column":31}},"loc":{"start":{"line":24,"column":2},"end":{"line":24,"column":80}},"line":24},"6":{"name":"(anonymous_6)","decl":{"start":{"line":26,"column":21},"end":{"line":26,"column":22}},"loc":{"start":{"line":26,"column":35},"end":{"line":33,"column":1}},"line":26},"7":{"name":"(anonymous_7)","decl":{"start":{"line":35,"column":22},"end":{"line":35,"column":23}},"loc":{"start":{"line":35,"column":36},"end":{"line":54,"column":1}},"line":35},"8":{"name":"(anonymous_8)","decl":{"start":{"line":56,"column":17},"end":{"line":56,"column":18}},"loc":{"start":{"line":56,"column":42},"end":{"line":74,"column":1}},"line":56}},"branchMap":{"0":{"loc":{"start":{"line":37,"column":2},"end":{"line":53,"column":3}},"type":"if","locations":[{"start":{"line":37,"column":2},"end":{"line":53,"column":3}},{"start":{"line":44,"column":9},"end":{"line":53,"column":3}}],"line":37},"1":{"loc":{"start":{"line":57,"column":19},"end":{"line":57,"column":40}},"type":"binary-expr","locations":[{"start":{"line":57,"column":19},"end":{"line":57,"column":33}},{"start":{"line":57,"column":37},"end":{"line":57,"column":40}}],"line":57},"2":{"loc":{"start":{"line":58,"column":15},"end":{"line":58,"column":36}},"type":"binary-expr","locations":[{"start":{"line":58,"column":15},"end":{"line":58,"column":25}},{"start":{"line":58,"column":29},"end":{"line":58,"column":36}}],"line":58},"3":{"loc":{"start":{"line":60,"column":2},"end":{"line":73,"column":3}},"type":"if","locations":[{"start":{"line":60,"column":2},"end":{"line":73,"column":3}},{"start":{"line":62,"column":9},"end":{"line":73,"column":3}}],"line":60},"4":{"loc":{"start":{"line":62,"column":9},"end":{"line":73,"column":3}},"type":"if","locations":[{"start":{"line":62,"column":9},"end":{"line":73,"column":3}},{"start":{},"end":{}}],"line":62},"5":{"loc":{"start":{"line":66,"column":4},"end":{"line":66,"column":69}},"type":"if","locations":[{"start":{"line":66,"column":4},"end":{"line":66,"column":69}},{"start":{},"end":{}}],"line":66},"6":{"loc":{"start":{"line":67,"column":4},"end":{"line":67,"column":71}},"type":"if","locations":[{"start":{"line":67,"column":4},"end":{"line":67,"column":71}},{"start":{},"end":{}}],"line":67},"7":{"loc":{"start":{"line":68,"column":4},"end":{"line":68,"column":81}},"type":"if","locations":[{"start":{"line":68,"column":4},"end":{"line":68,"column":81}},{"start":{},"end":{}}],"line":68},"8":{"loc":{"start":{"line":69,"column":4},"end":{"line":69,"column":69}},"type":"if","locations":[{"start":{"line":69,"column":4},"end":{"line":69,"column":69}},{"start":{},"end":{}}],"line":69},"9":{"loc":{"start":{"line":70,"column":4},"end":{"line":70,"column":76}},"type":"if","locations":[{"start":{"line":70,"column":4},"end":{"line":70,"column":76}},{"start":{},"end":{}}],"line":70}},"s":{"0":1,"1":1,"2":0,"3":0,"4":1,"5":0,"6":0,"7":0,"8":1,"9":0,"10":0,"11":0,"12":0,"13":1,"14":0,"15":1,"16":0,"17":1,"18":0,"19":1,"20":0,"21":0,"22":0,"23":0,"24":1,"25":0,"26":0,"27":0,"28":0,"29":0,"30":0,"31":0,"32":0,"33":0,"34":0,"35":0,"36":0,"37":0,"38":0,"39":0,"40":0,"41":0,"42":0},"f":{"0":0,"1":0,"2":0,"3":0,"4":0,"5":0,"6":0,"7":0,"8":0},"b":{"0":[0,0],"1":[0,0],"2":[0,0],"3":[0,0],"4":[0,0],"5":[0,0],"6":[0,0],"7":[0,0],"8":[0,0],"9":[0,0]},"_coverageSchema":"1a1c01bbd47fc00a2c39e90264f33305004495a9","hash":"13799a959d50a77764131636addc598688659cb9"}
,"E:\\Descargas\\Ultimo proyecto\\PROYECTOFINAL-CABA-A-main\\PROYECTOFINAL-CABA-A-main\\backend\\middlewares\\validators.js": {"path":"E:\\Descargas\\Ultimo proyecto\\PROYECTOFINAL-CABA-A-main\\PROYECTOFINAL-CABA-A-main\\backend\\middlewares\\validators.js","statementMap":{"0":{"start":{"line":1,"column":31},"end":{"line":1,"column":59}},"1":{"start":{"line":3,"column":0},"end":{"line":28,"column":2}},"2":{"start":{"line":23,"column":6},"end":{"line":25,"column":7}},"3":{"start":{"line":24,"column":8},"end":{"line":24,"column":56}},"4":{"start":{"line":26,"column":6},"end":{"line":26,"column":18}},"5":{"start":{"line":30,"column":0},"end":{"line":37,"column":2}},"6":{"start":{"line":39,"column":0},"end":{"line":51,"column":2}},"7":{"start":{"line":53,"column":0},"end":{"line":59,"column":2}},"8":{"start":{"line":61,"column":0},"end":{"line":95,"column":2}},"9":{"start":{"line":70,"column":6},"end":{"line":72,"column":7}},"10":{"start":{"line":71,"column":8},"end":{"line":71,"column":72}},"11":{"start":{"line":73,"column":6},"end":{"line":73,"column":18}},"12":{"start":{"line":79,"column":6},"end":{"line":81,"column":7}},"13":{"start":{"line":80,"column":8},"end":{"line":80,"column":83}},"14":{"start":{"line":82,"column":6},"end":{"line":82,"column":18}},"15":{"start":{"line":97,"column":0},"end":{"line":102,"column":2}}},"fnMap":{"0":{"name":"(anonymous_0)","decl":{"start":{"line":22,"column":12},"end":{"line":22,"column":13}},"loc":{"start":{"line":22,"column":32},"end":{"line":27,"column":5}},"line":22},"1":{"name":"(anonymous_1)","decl":{"start":{"line":69,"column":12},"end":{"line":69,"column":13}},"loc":{"start":{"line":69,"column":32},"end":{"line":74,"column":5}},"line":69},"2":{"name":"(anonymous_2)","decl":{"start":{"line":78,"column":12},"end":{"line":78,"column":13}},"loc":{"start":{"line":78,"column":32},"end":{"line":83,"column":5}},"line":78}},"branchMap":{"0":{"loc":{"start":{"line":23,"column":6},"end":{"line":25,"column":7}},"type":"if","locations":[{"start":{"line":23,"column":6},"end":{"line":25,"column":7}},{"start":{},"end":{}}],"line":23},"1":{"loc":{"start":{"line":70,"column":6},"end":{"line":72,"column":7}},"type":"if","locations":[{"start":{"line":70,"column":6},"end":{"line":72,"column":7}},{"start":{},"end":{}}],"line":70},"2":{"loc":{"start":{"line":79,"column":6},"end":{"line":81,"column":7}},"type":"if","locations":[{"start":{"line":79,"column":6},"end":{"line":81,"column":7}},{"start":{},"end":{}}],"line":79}},"s":{"0":1,"1":1,"2":2,"3":0,"4":2,"5":1,"6":1,"7":1,"8":1,"9":0,"10":0,"11":0,"12":0,"13":0,"14":0,"15":1},"f":{"0":2,"1":0,"2":0},"b":{"0":[0,2],"1":[0,0],"2":[0,0]},"_coverageSchema":"1a1c01bbd47fc00a2c39e90264f33305004495a9","hash":"59c6323c1f0a046f3bd409d71cda278412dca89f"}
,"E:\\Descargas\\Ultimo proyecto\\PROYECTOFINAL-CABA-A-main\\PROYECTOFINAL-CABA-A-main\\backend\\models\\Cabaña.js": {"path":"E:\\Descargas\\Ultimo proyecto\\PROYECTOFINAL-CABA-A-main\\PROYECTOFINAL-CABA-A-main\\backend\\models\\Cabaña.js","statementMap":{"0":{"start":{"line":1,"column":17},"end":{"line":1,"column":40}},"1":{"start":{"line":5,"column":18},"end":{"line":5,"column":65}},"2":{"start":{"line":6,"column":21},"end":{"line":6,"column":44}},"3":{"start":{"line":7,"column":4},"end":{"line":7,"column":16}},"4":{"start":{"line":11,"column":18},"end":{"line":11,"column":55}},"5":{"start":{"line":12,"column":21},"end":{"line":12,"column":50}},"6":{"start":{"line":13,"column":4},"end":{"line":13,"column":19}},"7":{"start":{"line":17,"column":18},"end":{"line":21,"column":5}},"8":{"start":{"line":22,"column":19},"end":{"line":22,"column":67}},"9":{"start":{"line":23,"column":21},"end":{"line":23,"column":52}},"10":{"start":{"line":24,"column":4},"end":{"line":24,"column":19}},"11":{"start":{"line":28,"column":18},"end":{"line":33,"column":5}},"12":{"start":{"line":34,"column":19},"end":{"line":34,"column":83}},"13":{"start":{"line":35,"column":21},"end":{"line":35,"column":52}},"14":{"start":{"line":36,"column":4},"end":{"line":36,"column":19}},"15":{"start":{"line":40,"column":18},"end":{"line":40,"column":65}},"16":{"start":{"line":41,"column":21},"end":{"line":41,"column":50}},"17":{"start":{"line":42,"column":4},"end":{"line":42,"column":19}},"18":{"start":{"line":46,"column":0},"end":{"line":46,"column":24}}},"fnMap":{"0":{"name":"(anonymous_0)","decl":{"start":{"line":4,"column":2},"end":{"line":4,"column":3}},"loc":{"start":{"line":4,"column":25},"end":{"line":8,"column":3}},"line":4},"1":{"name":"(anonymous_1)","decl":{"start":{"line":10,"column":2},"end":{"line":10,"column":3}},"loc":{"start":{"line":10,"column":28},"end":{"line":14,"column":3}},"line":10},"2":{"name":"(anonymous_2)","decl":{"start":{"line":16,"column":2},"end":{"line":16,"column":3}},"loc":{"start":{"line":16,"column":74},"end":{"line":25,"column":3}},"line":16},"3":{"name":"(anonymous_3)","decl":{"start":{"line":27,"column":2},"end":{"line":27,"column":3}},"loc":{"start":{"line":27,"column":90},"end":{"line":37,"column":3}},"line":27},"4":{"name":"(anonymous_4)","decl":{"start":{"line":39,"column":2},"end":{"line":39,"column":3}},"loc":{"start":{"line":39,"column":26},"end":{"line":43,"column":3}},"line":39}},"branchMap":{},"s":{"0":1,"1":0,"2":0,"3":0,"4":0,"5":0,"6":0,"7":0,"8":0,"9":0,"10":0,"11":0,"12":0,"13":0,"14":0,"15":0,"16":0,"17":0,"18":1},"f":{"0":0,"1":0,"2":0,"3":0,"4":0},"b":{},"_coverageSchema":"1a1c01bbd47fc00a2c39e90264f33305004495a9","hash":"59b84d1b6ab39657e46bfc96e489acfdd1c0103c"}
,"E:\\Descargas\\Ultimo proyecto\\PROYECTOFINAL-CABA-A-main\\PROYECTOFINAL-CABA-A-main\\backend\\models\\Reserva.js": {"path":"E:\\Descargas\\Ultimo proyecto\\PROYECTOFINAL-CABA-A-main\\PROYECTOFINAL-CABA-A-main\\backend\\models\\Reserva.js","statementMap":{"0":{"start":{"line":1,"column":17},"end":{"line":1,"column":40}},"1":{"start":{"line":5,"column":18},"end":{"line":10,"column":5}},"2":{"start":{"line":11,"column":21},"end":{"line":11,"column":44}},"3":{"start":{"line":12,"column":4},"end":{"line":12,"column":16}},"4":{"start":{"line":16,"column":18},"end":{"line":21,"column":5}},"5":{"start":{"line":22,"column":21},"end":{"line":22,"column":54}},"6":{"start":{"line":23,"column":4},"end":{"line":23,"column":16}},"7":{"start":{"line":27,"column":18},"end":{"line":33,"column":5}},"8":{"start":{"line":34,"column":21},"end":{"line":34,"column":50}},"9":{"start":{"line":35,"column":4},"end":{"line":35,"column":19}},"10":{"start":{"line":39,"column":19},"end":{"line":39,"column":39}},"11":{"start":{"line":40,"column":4},"end":{"line":70,"column":5}},"12":{"start":{"line":41,"column":6},"end":{"line":41,"column":34}},"13":{"start":{"line":44,"column":27},"end":{"line":48,"column":7}},"14":{"start":{"line":49,"column":28},"end":{"line":49,"column":99}},"15":{"start":{"line":50,"column":23},"end":{"line":50,"column":70}},"16":{"start":{"line":51,"column":27},"end":{"line":51,"column":34}},"17":{"start":{"line":54,"column":6},"end":{"line":61,"column":7}},"18":{"start":{"line":55,"column":8},"end":{"line":60,"column":9}},"19":{"start":{"line":56,"column":10},"end":{"line":59,"column":12}},"20":{"start":{"line":63,"column":6},"end":{"line":63,"column":35}},"21":{"start":{"line":64,"column":6},"end":{"line":64,"column":26}},"22":{"start":{"line":66,"column":6},"end":{"line":66,"column":37}},"23":{"start":{"line":67,"column":6},"end":{"line":67,"column":18}},"24":{"start":{"line":69,"column":6},"end":{"line":69,"column":23}},"25":{"start":{"line":74,"column":18},"end":{"line":79,"column":5}},"26":{"start":{"line":80,"column":21},"end":{"line":80,"column":50}},"27":{"start":{"line":81,"column":4},"end":{"line":81,"column":19}},"28":{"start":{"line":85,"column":0},"end":{"line":85,"column":25}}},"fnMap":{"0":{"name":"(anonymous_0)","decl":{"start":{"line":4,"column":2},"end":{"line":4,"column":3}},"loc":{"start":{"line":4,"column":25},"end":{"line":13,"column":3}},"line":4},"1":{"name":"(anonymous_1)","decl":{"start":{"line":15,"column":2},"end":{"line":15,"column":3}},"loc":{"start":{"line":15,"column":36},"end":{"line":24,"column":3}},"line":15},"2":{"name":"(anonymous_2)","decl":{"start":{"line":26,"column":2},"end":{"line":26,"column":3}},"loc":{"start":{"line":26,"column":28},"end":{"line":36,"column":3}},"line":26},"3":{"name":"(anonymous_3)","decl":{"start":{"line":38,"column":2},"end":{"line":38,"column":3}},"loc":{"start":{"line":38,"column":113},"end":{"line":71,"column":3}},"line":38},"4":{"name":"(anonymous_4)","decl":{"start":{"line":73,"column":2},"end":{"line":73,"column":3}},"loc":{"start":{"line":73,"column":26},"end":{"line":82,"column":3}},"line":73}},"branchMap":{"0":{"loc":{"start":{"line":38,"column":95},"end":{"line":38,"column":109}},"type":"default-arg","locations":[{"start":{"line":38,"column":107},"end":{"line":38,"column":109}}],"line":38},"1":{"loc":{"start":{"line":54,"column":6},"end":{"line":61,"column":7}},"type":"if","locations":[{"start":{"line":54,"column":6},"end":{"line":61,"column":7}},{"start":{},"end":{}}],"line":54}},"s":{"0":1,"1":0,"2":0,"3":0,"4":0,"5":0,"6":0,"7":0,"8":0,"9":0,"10":0,"11":0,"12":0,"13":0,"14":0,"15":0,"16":0,"17":0,"18":0,"19":0,"20":0,"21":0,"22":0,"23":0,"24":0,"25":0,"26":0,"27":0,"28":1},"f":{"0":0,"1":0,"2":0,"3":0,"4":0},"b":{"0":[0],"1":[0,0]},"_coverageSchema":"1a1c01bbd47fc00a2c39e90264f33305004495a9","hash":"c249dfc15a9d4549c16ad5a7f5cd945c3fafa7bd"}
,"E:\\Descargas\\Ultimo proyecto\\PROYECTOFINAL-CABA-A-main\\PROYECTOFINAL-CABA-A-main\\backend\\models\\Servicio.js": {"path":"E:\\Descargas\\Ultimo proyecto\\PROYECTOFINAL-CABA-A-main\\PROYECTOFINAL-CABA-A-main\\backend\\models\\Servicio.js","statementMap":{"0":{"start":{"line":1,"column":17},"end":{"line":1,"column":40}},"1":{"start":{"line":5,"column":18},"end":{"line":5,"column":79}},"2":{"start":{"line":6,"column":21},"end":{"line":6,"column":44}},"3":{"start":{"line":7,"column":4},"end":{"line":7,"column":16}},"4":{"start":{"line":11,"column":18},"end":{"line":11,"column":59}},"5":{"start":{"line":12,"column":21},"end":{"line":12,"column":44}},"6":{"start":{"line":13,"column":4},"end":{"line":13,"column":16}},"7":{"start":{"line":17,"column":18},"end":{"line":17,"column":57}},"8":{"start":{"line":18,"column":21},"end":{"line":18,"column":50}},"9":{"start":{"line":19,"column":4},"end":{"line":19,"column":19}},"10":{"start":{"line":23,"column":18},"end":{"line":27,"column":5}},"11":{"start":{"line":28,"column":19},"end":{"line":28,"column":48}},"12":{"start":{"line":29,"column":21},"end":{"line":29,"column":52}},"13":{"start":{"line":30,"column":4},"end":{"line":30,"column":19}},"14":{"start":{"line":34,"column":18},"end":{"line":43,"column":5}},"15":{"start":{"line":44,"column":19},"end":{"line":44,"column":60}},"16":{"start":{"line":45,"column":21},"end":{"line":45,"column":52}},"17":{"start":{"line":46,"column":4},"end":{"line":46,"column":19}},"18":{"start":{"line":50,"column":18},"end":{"line":50,"column":67}},"19":{"start":{"line":51,"column":21},"end":{"line":51,"column":50}},"20":{"start":{"line":52,"column":4},"end":{"line":52,"column":19}},"21":{"start":{"line":56,"column":18},"end":{"line":56,"column":69}},"22":{"start":{"line":57,"column":21},"end":{"line":57,"column":51}},"23":{"start":{"line":58,"column":4},"end":{"line":58,"column":16}},"24":{"start":{"line":62,"column":18},"end":{"line":68,"column":5}},"25":{"start":{"line":69,"column":21},"end":{"line":69,"column":50}},"26":{"start":{"line":70,"column":4},"end":{"line":70,"column":19}},"27":{"start":{"line":74,"column":0},"end":{"line":74,"column":26}}},"fnMap":{"0":{"name":"(anonymous_0)","decl":{"start":{"line":4,"column":2},"end":{"line":4,"column":3}},"loc":{"start":{"line":4,"column":25},"end":{"line":8,"column":3}},"line":4},"1":{"name":"(anonymous_1)","decl":{"start":{"line":10,"column":2},"end":{"line":10,"column":3}},"loc":{"start":{"line":10,"column":30},"end":{"line":14,"column":3}},"line":10},"2":{"name":"(anonymous_2)","decl":{"start":{"line":16,"column":2},"end":{"line":16,"column":3}},"loc":{"start":{"line":16,"column":28},"end":{"line":20,"column":3}},"line":16},"3":{"name":"(anonymous_3)","decl":{"start":{"line":22,"column":2},"end":{"line":22,"column":3}},"loc":{"start":{"line":22,"column":55},"end":{"line":31,"column":3}},"line":22},"4":{"name":"(anonymous_4)","decl":{"start":{"line":33,"column":2},"end":{"line":33,"column":3}},"loc":{"start":{"line":33,"column":67},"end":{"line":47,"column":3}},"line":33},"5":{"name":"(anonymous_5)","decl":{"start":{"line":49,"column":2},"end":{"line":49,"column":3}},"loc":{"start":{"line":49,"column":26},"end":{"line":53,"column":3}},"line":49},"6":{"name":"(anonymous_6)","decl":{"start":{"line":55,"column":2},"end":{"line":55,"column":3}},"loc":{"start":{"line":55,"column":30},"end":{"line":59,"column":3}},"line":55},"7":{"name":"(anonymous_7)","decl":{"start":{"line":61,"column":2},"end":{"line":61,"column":3}},"loc":{"start":{"line":61,"column":32},"end":{"line":71,"column":3}},"line":61}},"branchMap":{},"s":{"0":1,"1":0,"2":0,"3":0,"4":0,"5":0,"6":0,"7":0,"8":0,"9":0,"10":0,"11":0,"12":0,"13":0,"14":0,"15":0,"16":0,"17":0,"18":0,"19":0,"20":0,"21":0,"22":0,"23":0,"24":0,"25":0,"26":0,"27":1},"f":{"0":0,"1":0,"2":0,"3":0,"4":0,"5":0,"6":0,"7":0},"b":{},"_coverageSchema":"1a1c01bbd47fc00a2c39e90264f33305004495a9","hash":"0b78c22816155b0a9c21698ec31646285c448621"}
,"E:\\Descargas\\Ultimo proyecto\\PROYECTOFINAL-CABA-A-main\\PROYECTOFINAL-CABA-A-main\\backend\\models\\Usuario.js": {"path":"E:\\Descargas\\Ultimo proyecto\\PROYECTOFINAL-CABA-A-main\\PROYECTOFINAL-CABA-A-main\\backend\\models\\Usuario.js","statementMap":{"0":{"start":{"line":1,"column":17},"end":{"line":1,"column":40}},"1":{"start":{"line":2,"column":15},"end":{"line":2,"column":34}},"2":{"start":{"line":6,"column":27},"end":{"line":6,"column":58}},"3":{"start":{"line":7,"column":18},"end":{"line":11,"column":5}},"4":{"start":{"line":12,"column":19},"end":{"line":12,"column":80}},"5":{"start":{"line":13,"column":21},"end":{"line":13,"column":52}},"6":{"start":{"line":14,"column":4},"end":{"line":14,"column":19}},"7":{"start":{"line":18,"column":18},"end":{"line":18,"column":59}},"8":{"start":{"line":19,"column":21},"end":{"line":19,"column":53}},"9":{"start":{"line":20,"column":4},"end":{"line":20,"column":19}},"10":{"start":{"line":24,"column":18},"end":{"line":24,"column":102}},"11":{"start":{"line":25,"column":21},"end":{"line":25,"column":50}},"12":{"start":{"line":26,"column":4},"end":{"line":26,"column":19}},"13":{"start":{"line":30,"column":4},"end":{"line":30,"column":67}},"14":{"start":{"line":34,"column":0},"end":{"line":34,"column":25}}},"fnMap":{"0":{"name":"(anonymous_0)","decl":{"start":{"line":5,"column":2},"end":{"line":5,"column":3}},"loc":{"start":{"line":5,"column":89},"end":{"line":15,"column":3}},"line":5},"1":{"name":"(anonymous_1)","decl":{"start":{"line":17,"column":2},"end":{"line":17,"column":3}},"loc":{"start":{"line":17,"column":34},"end":{"line":21,"column":3}},"line":17},"2":{"name":"(anonymous_2)","decl":{"start":{"line":23,"column":2},"end":{"line":23,"column":3}},"loc":{"start":{"line":23,"column":28},"end":{"line":27,"column":3}},"line":23},"3":{"name":"(anonymous_3)","decl":{"start":{"line":29,"column":2},"end":{"line":29,"column":3}},"loc":{"start":{"line":29,"column":67},"end":{"line":31,"column":3}},"line":29}},"branchMap":{"0":{"loc":{"start":{"line":5,"column":69},"end":{"line":5,"column":85}},"type":"default-arg","locations":[{"start":{"line":5,"column":80},"end":{"line":5,"column":85}}],"line":5}},"s":{"0":1,"1":1,"2":2,"3":2,"4":2,"5":2,"6":2,"7":5,"8":5,"9":5,"10":0,"11":0,"12":0,"13":3,"14":1},"f":{"0":2,"1":5,"2":0,"3":3},"b":{"0":[1]},"_coverageSchema":"1a1c01bbd47fc00a2c39e90264f33305004495a9","hash":"267bd5a56800d15ddf7a2ebab86b757c2885c74c"}
,"E:\\Descargas\\Ultimo proyecto\\PROYECTOFINAL-CABA-A-main\\PROYECTOFINAL-CABA-A-main\\backend\\routes\\authRoutes.js": {"path":"E:\\Descargas\\Ultimo proyecto\\PROYECTOFINAL-CABA-A-main\\PROYECTOFINAL-CABA-A-main\\backend\\routes\\authRoutes.js","statementMap":{"0":{"start":{"line":1,"column":16},"end":{"line":1,"column":34}},"1":{"start":{"line":2,"column":15},"end":{"line":2,"column":31}},"2":{"start":{"line":3,"column":23},"end":{"line":3,"column":63}},"3":{"start":{"line":4,"column":42},"end":{"line":4,"column":78}},"4":{"start":{"line":6,"column":0},"end":{"line":6,"column":69}},"5":{"start":{"line":7,"column":0},"end":{"line":7,"column":58}},"6":{"start":{"line":8,"column":0},"end":{"line":8,"column":40}},"7":{"start":{"line":10,"column":0},"end":{"line":10,"column":24}}},"fnMap":{},"branchMap":{},"s":{"0":1,"1":1,"2":1,"3":1,"4":1,"5":1,"6":1,"7":1},"f":{},"b":{},"_coverageSchema":"1a1c01bbd47fc00a2c39e90264f33305004495a9","hash":"5cc8d383f1de02f087f71ba4df8eff7c4b4cd1a5"}
,"E:\\Descargas\\Ultimo proyecto\\PROYECTOFINAL-CABA-A-main\\PROYECTOFINAL-CABA-A-main\\backend\\routes\\cabanasRoutes.js": {"path":"E:\\Descargas\\Ultimo proyecto\\PROYECTOFINAL-CABA-A-main\\PROYECTOFINAL-CABA-A-main\\backend\\routes\\cabanasRoutes.js","statementMap":{"0":{"start":{"line":1,"column":16},"end":{"line":1,"column":34}},"1":{"start":{"line":2,"column":15},"end":{"line":2,"column":31}},"2":{"start":{"line":3,"column":26},"end":{"line":3,"column":69}},"3":{"start":{"line":4,"column":34},"end":{"line":4,"column":64}},"4":{"start":{"line":5,"column":37},"end":{"line":5,"column":73}},"5":{"start":{"line":7,"column":0},"end":{"line":10,"column":77}},"6":{"start":{"line":12,"column":0},"end":{"line":16,"column":78}},"7":{"start":{"line":18,"column":0},"end":{"line":18,"column":24}}},"fnMap":{},"branchMap":{},"s":{"0":1,"1":1,"2":1,"3":1,"4":1,"5":1,"6":1,"7":1},"f":{},"b":{},"_coverageSchema":"1a1c01bbd47fc00a2c39e90264f33305004495a9","hash":"933593da1b262a1b89d7476495c02b82f3bcdec0"}
,"E:\\Descargas\\Ultimo proyecto\\PROYECTOFINAL-CABA-A-main\\PROYECTOFINAL-CABA-A-main\\backend\\routes\\index.js": {"path":"E:\\Descargas\\Ultimo proyecto\\PROYECTOFINAL-CABA-A-main\\PROYECTOFINAL-CABA-A-main\\backend\\routes\\index.js","statementMap":{"0":{"start":{"line":1,"column":16},"end":{"line":1,"column":34}},"1":{"start":{"line":2,"column":15},"end":{"line":2,"column":31}},"2":{"start":{"line":3,"column":19},"end":{"line":3,"column":42}},"3":{"start":{"line":4,"column":22},"end":{"line":4,"column":48}},"4":{"start":{"line":5,"column":24},"end":{"line":5,"column":52}},"5":{"start":{"line":6,"column":23},"end":{"line":6,"column":50}},"6":{"start":{"line":8,"column":0},"end":{"line":8,"column":32}},"7":{"start":{"line":9,"column":0},"end":{"line":9,"column":38}},"8":{"start":{"line":10,"column":0},"end":{"line":10,"column":42}},"9":{"start":{"line":11,"column":0},"end":{"line":11,"column":40}},"10":{"start":{"line":13,"column":0},"end":{"line":13,"column":24}}},"fnMap":{},"branchMap":{},"s":{"0":1,"1":1,"2":1,"3":1,"4":1,"5":1,"6":1,"7":1,"8":1,"9":1,"10":1},"f":{},"b":{},"_coverageSchema":"1a1c01bbd47fc00a2c39e90264f33305004495a9","hash":"90cff3fde29487335cb98aff67655a732f0dd68c"}
,"E:\\Descargas\\Ultimo proyecto\\PROYECTOFINAL-CABA-A-main\\PROYECTOFINAL-CABA-A-main\\backend\\routes\\reservasRoutes.js": {"path":"E:\\Descargas\\Ultimo proyecto\\PROYECTOFINAL-CABA-A-main\\PROYECTOFINAL-CABA-A-main\\backend\\routes\\reservasRoutes.js","statementMap":{"0":{"start":{"line":1,"column":16},"end":{"line":1,"column":34}},"1":{"start":{"line":2,"column":15},"end":{"line":2,"column":31}},"2":{"start":{"line":3,"column":27},"end":{"line":3,"column":71}},"3":{"start":{"line":4,"column":17},"end":{"line":4,"column":47}},"4":{"start":{"line":5,"column":38},"end":{"line":5,"column":74}},"5":{"start":{"line":7,"column":0},"end":{"line":7,"column":17}},"6":{"start":{"line":9,"column":0},"end":{"line":12,"column":57}},"7":{"start":{"line":14,"column":0},"end":{"line":16,"column":53}},"8":{"start":{"line":18,"column":0},"end":{"line":20,"column":56}},"9":{"start":{"line":22,"column":0},"end":{"line":22,"column":24}}},"fnMap":{},"branchMap":{},"s":{"0":1,"1":1,"2":1,"3":1,"4":1,"5":1,"6":1,"7":1,"8":1,"9":1},"f":{},"b":{},"_coverageSchema":"1a1c01bbd47fc00a2c39e90264f33305004495a9","hash":"be6547dd1d2972cd9602ea3d7ee1e499c588b8f1"}
,"E:\\Descargas\\Ultimo proyecto\\PROYECTOFINAL-CABA-A-main\\PROYECTOFINAL-CABA-A-main\\backend\\routes\\serviciosRoutes.js": {"path":"E:\\Descargas\\Ultimo proyecto\\PROYECTOFINAL-CABA-A-main\\PROYECTOFINAL-CABA-A-main\\backend\\routes\\serviciosRoutes.js","statementMap":{"0":{"start":{"line":1,"column":16},"end":{"line":1,"column":34}},"1":{"start":{"line":2,"column":15},"end":{"line":2,"column":31}},"2":{"start":{"line":3,"column":28},"end":{"line":3,"column":73}},"3":{"start":{"line":4,"column":34},"end":{"line":4,"column":64}},"4":{"start":{"line":5,"column":39},"end":{"line":5,"column":75}},"5":{"start":{"line":7,"column":0},"end":{"line":10,"column":83}},"6":{"start":{"line":12,"column":0},"end":{"line":16,"column":82}},"7":{"start":{"line":18,"column":0},"end":{"line":18,"column":24}}},"fnMap":{},"branchMap":{},"s":{"0":1,"1":1,"2":1,"3":1,"4":1,"5":1,"6":1,"7":1},"f":{},"b":{},"_coverageSchema":"1a1c01bbd47fc00a2c39e90264f33305004495a9","hash":"48704f7ed2a48944f932828f395988dd0a9eb7cf"}
,"E:\\Descargas\\Ultimo proyecto\\PROYECTOFINAL-CABA-A-main\\PROYECTOFINAL-CABA-A-main\\backend\\utils\\appError.js": {"path":"E:\\Descargas\\Ultimo proyecto\\PROYECTOFINAL-CABA-A-main\\PROYECTOFINAL-CABA-A-main\\backend\\utils\\appError.js","statementMap":{"0":{"start":{"line":3,"column":6},"end":{"line":3,"column":21}},"1":{"start":{"line":5,"column":6},"end":{"line":5,"column":35}},"2":{"start":{"line":6,"column":6},"end":{"line":6,"column":71}},"3":{"start":{"line":7,"column":6},"end":{"line":7,"column":32}},"4":{"start":{"line":9,"column":6},"end":{"line":9,"column":54}},"5":{"start":{"line":13,"column":2},"end":{"line":13,"column":28}}},"fnMap":{"0":{"name":"(anonymous_0)","decl":{"start":{"line":2,"column":4},"end":{"line":2,"column":5}},"loc":{"start":{"line":2,"column":37},"end":{"line":10,"column":5}},"line":2}},"branchMap":{"0":{"loc":{"start":{"line":6,"column":20},"end":{"line":6,"column":70}},"type":"cond-expr","locations":[{"start":{"line":6,"column":54},"end":{"line":6,"column":60}},{"start":{"line":6,"column":63},"end":{"line":6,"column":70}}],"line":6}},"s":{"0":0,"1":0,"2":0,"3":0,"4":0,"5":1},"f":{"0":0},"b":{"0":[0,0]},"_coverageSchema":"1a1c01bbd47fc00a2c39e90264f33305004495a9","hash":"ceadf2f33315d28e591d1e1a85dc296ff41b2bb4"}
}
